OBJ: 0
ressources/demon.obj && 0 && choice == 0
ressources/demon.obj && 0 && choice == 0
ressources/demon.obj && 0 && choice == 0
ressources/demon.obj && 0 && choice == 0
ressources/demon.obj && 0 && choice == 0
ressources/demon.obj && 0 && choice == 0
ressources/demon.obj && 0 && choice == 0
ressources/demon.obj && 0 && choice == 0
ressources/demon.obj && 0 && choice == 0
ressources/demon.obj && 0 && choice == 0
ressources/demon.obj && 0 && choice == 0
ressources/demon.obj && 0 && choice == 0
ressources/demon.obj && 0 && choice == 0
ressources/demon.obj && 0 && choice == 0
ressources/demon.obj && 0 && choice == 0
ressources/demon.obj && 0 && choice == 0
ressources/demon.obj && 0 && choice == 0
ressources/demon.obj && 0 && choice == 0
ressources/demon.obj && 0 && choice == 0
ressources/demon.obj && 0 && choice == 0
ressources/demon.obj && 0 && choice == 0
ressources/demon.obj && 0 && choice == 0
ressources/demon.obj && 0 && choice == 0
ressources/demon.obj && 0 && choice == 0
ressources/katana.obj && 1 && choice == 1
ressources/katana.obj && 1 && choice == 1
ressources/katana.obj && 1 && choice == 1
ressources/katana.obj && 1 && choice == 1
ressources/katana.obj && 1 && choice == 1
ressources/katana.obj && 1 && choice == 1
ressources/katana.obj && 1 && choice == 1
ressources/katana.obj && 1 && choice == 1
ressources/katana.obj && 1 && choice == 1
ressources/katana.obj && 1 && choice == 1
ressources/katana.obj && 1 && choice == 1
ressources/katana.obj && 1 && choice == 1
ressources/katana.obj && 1 && choice == 1
ressources/katana.obj && 1 && choice == 1
ressources/katana.obj && 1 && choice == 1
ressources/katana.obj && 1 && choice == 1
ressources/monkey2.obj && 2 && choice == 2
ressources/monkey2.obj && 2 && choice == 2
ressources/monkey2.obj && 2 && choice == 2
ressources/monkey2.obj && 2 && choice == 2
ressources/monkey2.obj && 2 && choice == 2
ressources/monkey2.obj && 2 && choice == 2
ressources/monkey2.obj && 2 && choice == 2
ressources/monkey2.obj && 2 && choice == 2
ressources/monkey2.obj && 2 && choice == 2
ressources/monkey2.obj && 2 && choice == 2
ressources/monkey2.obj && 2 && choice == 2
ressources/monkey2.obj && 2 && choice == 2
ressources/monkey2.obj && 2 && choice == 2
ressources/monkey2.obj && 2 && choice == 2
ressources/sphere.obj && 3 && choice == 3
ressources/sphere.obj && 3 && choice == 3
ressources/sphere.obj && 3 && choice == 3
ressources/sphere.obj && 3 && choice == 3
ressources/sphere.obj && 3 && choice == 3
ressources/sphere.obj && 3 && choice == 3
ressources/sphere.obj && 3 && choice == 3
ressources/sphere.obj && 3 && choice == 3
ressources/sphere.obj && 3 && choice == 3
ressources/sphere.obj && 3 && choice == 3
ressources/sphere.obj && 3 && choice == 3
ressources/sphere.obj && 3 && choice == 3
ressources/sphere.obj && 3 && choice == 3
ressources/sphere.obj && 3 && choice == 3
ressources/three-big.obj && 4 && choice == 4
ressources/three-big.obj && 4 && choice == 4
ressources/three-big.obj && 4 && choice == 4
ressources/three-big.obj && 4 && choice == 4
ressources/three-big.obj && 4 && choice == 4
ressources/three-big.obj && 4 && choice == 4
ressources/three-big.obj && 4 && choice == 4
ressources/three-big.obj && 4 && choice == 4
ressources/three-big.obj && 4 && choice == 4
ressources/three-big.obj && 4 && choice == 4
ressources/three-big.obj && 4 && choice == 4
ressources/three-big.obj && 4 && choice == 4
ressources/tank.obj && 5 && choice == 5
ressources/tank.obj && 5 && choice == 5
ressources/tank.obj && 5 && choice == 5
ressources/tank.obj && 5 && choice == 5
ressources/tank.obj && 5 && choice == 5
ressources/tank.obj && 5 && choice == 5
ressources/tank.obj && 5 && choice == 5
ressources/tank.obj && 5 && choice == 5
ressources/tank.obj && 5 && choice == 5
ressources/tank.obj && 5 && choice == 5
ressources/tank.obj && 5 && choice == 5
ressources/tank.obj && 5 && choice == 5
ressources/tank.obj && 5 && choice == 5
ressources/tank.obj && 5 && choice == 5
ressources/torus.obj && 6 && choice == 6
ressources/torus.obj && 6 && choice == 6
ressources/torus.obj && 6 && choice == 6
ressources/torus.obj && 6 && choice == 6
ressources/torus.obj && 6 && choice == 6
ressources/torus.obj && 6 && choice == 6
ressources/torus.obj && 6 && choice == 6
ressources/torus.obj && 6 && choice == 6
ressources/torus.obj && 6 && choice == 6
ressources/torus.obj && 6 && choice == 6
ressources/torus.obj && 6 && choice == 6
ressources/torus.obj && 6 && choice == 6
ressources/torus.obj && 6 && choice == 6
ressources/torus.obj && 6 && choice == 6
ressources/torus.obj && 6 && choice == 6
ressources/torus.obj && 6 && choice == 6
ressources/tuple.obj && 7 && choice == 7
ressources/tuple.obj && 7 && choice == 7
ressources/tuple.obj && 7 && choice == 7
ressources/tuple.obj && 7 && choice == 7
ressources/tuple.obj && 7 && choice == 7
ressources/tuple.obj && 7 && choice == 7
ressources/tuple.obj && 7 && choice == 7
ressources/tuple.obj && 7 && choice == 7
ressources/tuple.obj && 7 && choice == 7
ressources/tuple.obj && 7 && choice == 7
ressources/tuple.obj && 7 && choice == 7
ressources/tuple.obj && 7 && choice == 7
ressources/tuple.obj && 7 && choice == 7
ressources/tuple.obj && 7 && choice == 7
ressources/tuple.obj && 7 && choice == 7
ressources/tuple.obj && 7 && choice == 7
ressources/tuple.obj && 7 && choice == 7
ressources/tuple.obj && 7 && choice == 7
ressources/tuple.obj && 7 && choice == 7
ressources/tuple.obj && 7 && choice == 7
ressources/tuple.obj && 7 && choice == 7
ressources/tuple.obj && 7 && choice == 7
ressources/tuple.obj && 7 && choice == 7
ressources/tuple.obj && 7 && choice == 7
ressources/tuple.obj && 7 && choice == 7
ressources/tuple.obj && 7 && choice == 7
ressources/tuple.obj && 7 && choice == 7
ressources/tuple.obj && 7 && choice == 7
ressources/tuple.obj && 7 && choice == 7
ressources/tuple.obj && 7 && choice == 7
ressources/tuple.obj && 7 && choice == 7
ressources/tuple.obj && 7 && choice == 7
ressources/tuple.obj && 7 && choice == 7
ressources/tuple.obj && 7 && choice == 7
ressources/tuple.obj && 7 && choice == 7
ressources/tuple.obj && 7 && choice == 7
ressources/tuple.obj && 7 && choice == 7
ressources/tuple.obj && 7 && choice == 7
ressources/tuple.obj && 7 && choice == 7
ressources/tuple.obj && 7 && choice == 7
ressources/tuple.obj && 7 && choice == 7
ressources/tuple.obj && 7 && choice == 7
ressources/tuple.obj && 7 && choice == 7
ressources/tuple.obj && 7 && choice == 7
ressources/tuple.obj && 7 && choice == 7
ressources/tuple.obj && 7 && choice == 7
ressources/tuple.obj && 7 && choice == 7
ressources/tuple.obj && 7 && choice == 7
ressources/tuple.obj && 7 && choice == 7
ressources/tuple.obj && 7 && choice == 7
ressources/tuple.obj && 7 && choice == 7
==============
ressources/cube.obj && 8 && choice == 7
ressources/cube.obj && 8 && choice == 7
ressources/cube.obj && 8 && choice == 7
ressources/cube.obj && 8 && choice == 7
ressources/cube.obj && 8 && choice == 7
ressources/cube.obj && 8 && choice == 7
ressources/cube.obj && 8 && choice == 7
ressources/cube.obj && 8 && choice == 7
ressources/cube.obj && 8 && choice == 7
ressources/cube.obj && 8 && choice == 7
ressources/cube.obj && 8 && choice == 7
ressources/cube.obj && 8 && choice == 7
ressources/cube.obj && 8 && choice == 7
ressources/cube.obj && 8 && choice == 7
ressources/cube.obj && 8 && choice == 7
==============
ressources/wolf.obj && 9 && choice == 7
ressources/wolf.obj && 9 && choice == 7
ressources/wolf.obj && 9 && choice == 7
ressources/wolf.obj && 9 && choice == 7
ressources/wolf.obj && 9 && choice == 7
ressources/wolf.obj && 9 && choice == 7
ressources/wolf.obj && 9 && choice == 7
ressources/wolf.obj && 9 && choice == 7
ressources/wolf.obj && 9 && choice == 7
ressources/wolf.obj && 9 && choice == 7
ressources/wolf.obj && 9 && choice == 7
ressources/wolf.obj && 9 && choice == 7
ressources/wolf.obj && 9 && choice == 7
ressources/wolf.obj && 9 && choice == 7
ressources/wolf.obj && 9 && choice == 7
==============
ressources/female.obj && 10 && choice == 7
ressources/female.obj && 10 && choice == 7
ressources/female.obj && 10 && choice == 7
ressources/female.obj && 10 && choice == 7
ressources/female.obj && 10 && choice == 7
ressources/female.obj && 10 && choice == 7
ressources/female.obj && 10 && choice == 7
ressources/female.obj && 10 && choice == 7
ressources/female.obj && 10 && choice == 7
ressources/female.obj && 10 && choice == 7
ressources/female.obj && 10 && choice == 7
ressources/female.obj && 10 && choice == 7
ressources/female.obj && 10 && choice == 7
ressources/female.obj && 10 && choice == 7
ressources/female.obj && 10 && choice == 7
ressources/female.obj && 10 && choice == 7
==============
ressources/female.obj && 10 && choice == 7
ressources/female.obj && 10 && choice == 7
ressources/female.obj && 10 && choice == 7
ressources/female.obj && 10 && choice == 7
ressources/female.obj && 10 && choice == 7
ressources/female.obj && 10 && choice == 7
ressources/female.obj && 10 && choice == 7
ressources/female.obj && 10 && choice == 7
ressources/female.obj && 10 && choice == 7
ressources/female.obj && 10 && choice == 7
ressources/female.obj && 10 && choice == 7
ressources/female.obj && 10 && choice == 7
ressources/female.obj && 10 && choice == 7
==============
ressources/female.obj && 10 && choice == 7
ressources/female.obj && 10 && choice == 7
ressources/female.obj && 10 && choice == 7
ressources/female.obj && 10 && choice == 7
ressources/female.obj && 10 && choice == 7
ressources/female.obj && 10 && choice == 7
ressources/female.obj && 10 && choice == 7
ressources/female.obj && 10 && choice == 7
ressources/female.obj && 10 && choice == 7
ressources/female.obj && 10 && choice == 7
ressources/female.obj && 10 && choice == 7
ressources/female.obj && 10 && choice == 7
ressources/female.obj && 10 && choice == 7
==============
ressources/female.obj && 10 && choice == 7
ressources/female.obj && 10 && choice == 7
ressources/female.obj && 10 && choice == 7
ressources/female.obj && 10 && choice == 7
ressources/female.obj && 10 && choice == 7
ressources/female.obj && 10 && choice == 7
ressources/female.obj && 10 && choice == 7
ressources/female.obj && 10 && choice == 7
ressources/female.obj && 10 && choice == 7
ressources/female.obj && 10 && choice == 7
ressources/female.obj && 10 && choice == 7
ressources/female.obj && 10 && choice == 7
ressources/female.obj && 10 && choice == 7
==============
ressources/female.obj && 10 && choice == 7
ressources/female.obj && 10 && choice == 7
ressources/female.obj && 10 && choice == 7
ressources/female.obj && 10 && choice == 7
ressources/female.obj && 10 && choice == 7
ressources/female.obj && 10 && choice == 7
ressources/female.obj && 10 && choice == 7
ressources/female.obj && 10 && choice == 7
ressources/female.obj && 10 && choice == 7
ressources/female.obj && 10 && choice == 7
ressources/female.obj && 10 && choice == 7
ressources/female.obj && 10 && choice == 7
ressources/female.obj && 10 && choice == 7
==============
ressources/female.obj && 10 && choice == 7
ressources/female.obj && 10 && choice == 7
ressources/female.obj && 10 && choice == 7
ressources/female.obj && 10 && choice == 7
ressources/female.obj && 10 && choice == 7
ressources/female.obj && 10 && choice == 7
ressources/female.obj && 10 && choice == 7
ressources/female.obj && 10 && choice == 7
ressources/female.obj && 10 && choice == 7
ressources/female.obj && 10 && choice == 7
ressources/female.obj && 10 && choice == 7
==============
ressources/female.obj && 10 && choice == 7
ressources/female.obj && 10 && choice == 7
ressources/female.obj && 10 && choice == 7
ressources/female.obj && 10 && choice == 7
ressources/female.obj && 10 && choice == 7
ressources/female.obj && 10 && choice == 7
ressources/female.obj && 10 && choice == 7
ressources/female.obj && 10 && choice == 7
ressources/female.obj && 10 && choice == 7
ressources/female.obj && 10 && choice == 7
ressources/female.obj && 10 && choice == 7
ressources/female.obj && 10 && choice == 7
ressources/female.obj && 10 && choice == 7
ressources/female.obj && 10 && choice == 7
ressources/wolf.obj && 9 && choice == 6
ressources/wolf.obj && 9 && choice == 6
ressources/wolf.obj && 9 && choice == 6
ressources/wolf.obj && 9 && choice == 6
ressources/wolf.obj && 9 && choice == 6
ressources/wolf.obj && 9 && choice == 6
ressources/wolf.obj && 9 && choice == 6
ressources/wolf.obj && 9 && choice == 6
ressources/wolf.obj && 9 && choice == 6
ressources/wolf.obj && 9 && choice == 6
ressources/cube.obj && 8 && choice == 5
ressources/cube.obj && 8 && choice == 5
ressources/cube.obj && 8 && choice == 5
ressources/cube.obj && 8 && choice == 5
ressources/cube.obj && 8 && choice == 5
ressources/cube.obj && 8 && choice == 5
ressources/cube.obj && 8 && choice == 5
ressources/cube.obj && 8 && choice == 5
ressources/tuple.obj && 7 && choice == 4
ressources/tuple.obj && 7 && choice == 4
ressources/tuple.obj && 7 && choice == 4
ressources/tuple.obj && 7 && choice == 4
ressources/tuple.obj && 7 && choice == 4
ressources/tuple.obj && 7 && choice == 4
ressources/tuple.obj && 7 && choice == 4
ressources/tuple.obj && 7 && choice == 4
ressources/torus.obj && 6 && choice == 3
ressources/torus.obj && 6 && choice == 3
ressources/torus.obj && 6 && choice == 3
ressources/torus.obj && 6 && choice == 3
ressources/torus.obj && 6 && choice == 3
ressources/torus.obj && 6 && choice == 3
ressources/torus.obj && 6 && choice == 3
ressources/torus.obj && 6 && choice == 3
ressources/tank.obj && 5 && choice == 2
ressources/tank.obj && 5 && choice == 2
ressources/tank.obj && 5 && choice == 2
ressources/tank.obj && 5 && choice == 2
ressources/tank.obj && 5 && choice == 2
ressources/tank.obj && 5 && choice == 2
ressources/tank.obj && 5 && choice == 2
ressources/tank.obj && 5 && choice == 2
ressources/three-big.obj && 4 && choice == 1
ressources/three-big.obj && 4 && choice == 1
ressources/three-big.obj && 4 && choice == 1
ressources/three-big.obj && 4 && choice == 1
ressources/three-big.obj && 4 && choice == 1
ressources/three-big.obj && 4 && choice == 1
ressources/three-big.obj && 4 && choice == 1
ressources/three-big.obj && 4 && choice == 1
ressources/sphere.obj && 3 && choice == 0
ressources/sphere.obj && 3 && choice == 0
ressources/sphere.obj && 3 && choice == 0
ressources/sphere.obj && 3 && choice == 0
ressources/sphere.obj && 3 && choice == 0
ressources/sphere.obj && 3 && choice == 0
ressources/sphere.obj && 3 && choice == 0
ressources/sphere.obj && 3 && choice == 0
ressources/sphere.obj && 3 && choice == 0
ressources/sphere.obj && 3 && choice == 0
ressources/sphere.obj && 3 && choice == 0
ressources/sphere.obj && 3 && choice == 0
ressources/sphere.obj && 3 && choice == 0
ressources/sphere.obj && 3 && choice == 0
ressources/sphere.obj && 3 && choice == 0
ressources/sphere.obj && 3 && choice == 0
ressources/sphere.obj && 3 && choice == 0
ressources/sphere.obj && 3 && choice == 0
ressources/sphere.obj && 3 && choice == 0
ressources/sphere.obj && 3 && choice == 0
ressources/sphere.obj && 3 && choice == 0
ressources/sphere.obj && 3 && choice == 0
ressources/sphere.obj && 3 && choice == 0
ressources/sphere.obj && 3 && choice == 0
ressources/sphere.obj && 3 && choice == 0
ressources/sphere.obj && 3 && choice == 0
ressources/three-big.obj && 4 && choice == 1
ressources/three-big.obj && 4 && choice == 1
ressources/three-big.obj && 4 && choice == 1
ressources/three-big.obj && 4 && choice == 1
ressources/three-big.obj && 4 && choice == 1
ressources/three-big.obj && 4 && choice == 1
ressources/three-big.obj && 4 && choice == 1
ressources/three-big.obj && 4 && choice == 1
ressources/tank.obj && 5 && choice == 2
ressources/tank.obj && 5 && choice == 2
ressources/tank.obj && 5 && choice == 2
ressources/tank.obj && 5 && choice == 2
ressources/tank.obj && 5 && choice == 2
ressources/tank.obj && 5 && choice == 2
ressources/tank.obj && 5 && choice == 2
ressources/tank.obj && 5 && choice == 2
ressources/tank.obj && 5 && choice == 2
ressources/torus.obj && 6 && choice == 3
ressources/torus.obj && 6 && choice == 3
ressources/torus.obj && 6 && choice == 3
ressources/torus.obj && 6 && choice == 3
ressources/torus.obj && 6 && choice == 3
ressources/torus.obj && 6 && choice == 3
ressources/torus.obj && 6 && choice == 3
ressources/tuple.obj && 7 && choice == 4
ressources/tuple.obj && 7 && choice == 4
ressources/tuple.obj && 7 && choice == 4
ressources/tuple.obj && 7 && choice == 4
ressources/tuple.obj && 7 && choice == 4
ressources/tuple.obj && 7 && choice == 4
ressources/tuple.obj && 7 && choice == 4
ressources/tuple.obj && 7 && choice == 4
ressources/tuple.obj && 7 && choice == 4
ressources/cube.obj && 8 && choice == 5
ressources/cube.obj && 8 && choice == 5
ressources/cube.obj && 8 && choice == 5
ressources/cube.obj && 8 && choice == 5
ressources/cube.obj && 8 && choice == 5
ressources/cube.obj && 8 && choice == 5
ressources/cube.obj && 8 && choice == 5
ressources/cube.obj && 8 && choice == 5
ressources/cube.obj && 8 && choice == 5
ressources/cube.obj && 8 && choice == 5
ressources/cube.obj && 8 && choice == 5
ressources/cube.obj && 8 && choice == 5
ressources/tuple.obj && 7 && choice == 4
ressources/tuple.obj && 7 && choice == 4
ressources/tuple.obj && 7 && choice == 4
ressources/tuple.obj && 7 && choice == 4
ressources/tuple.obj && 7 && choice == 4
ressources/tuple.obj && 7 && choice == 4
ressources/tuple.obj && 7 && choice == 4
ressources/tuple.obj && 7 && choice == 4
ressources/torus.obj && 6 && choice == 3
ressources/torus.obj && 6 && choice == 3
ressources/torus.obj && 6 && choice == 3
ressources/torus.obj && 6 && choice == 3
ressources/torus.obj && 6 && choice == 3
ressources/torus.obj && 6 && choice == 3
ressources/torus.obj && 6 && choice == 3
ressources/torus.obj && 6 && choice == 3
ressources/tank.obj && 5 && choice == 2
ressources/tank.obj && 5 && choice == 2
ressources/tank.obj && 5 && choice == 2
ressources/tank.obj && 5 && choice == 2
ressources/tank.obj && 5 && choice == 2
ressources/tank.obj && 5 && choice == 2
ressources/tank.obj && 5 && choice == 2
ressources/tank.obj && 5 && choice == 2
ressources/three-big.obj && 4 && choice == 1
ressources/three-big.obj && 4 && choice == 1
ressources/three-big.obj && 4 && choice == 1
ressources/three-big.obj && 4 && choice == 1
ressources/three-big.obj && 4 && choice == 1
ressources/three-big.obj && 4 && choice == 1
ressources/three-big.obj && 4 && choice == 1
ressources/three-big.obj && 4 && choice == 1
ressources/sphere.obj && 3 && choice == 0
ressources/sphere.obj && 3 && choice == 0
ressources/sphere.obj && 3 && choice == 0
ressources/sphere.obj && 3 && choice == 0
ressources/sphere.obj && 3 && choice == 0
ressources/sphere.obj && 3 && choice == 0
ressources/sphere.obj && 3 && choice == 0
ressources/sphere.obj && 3 && choice == 0
ressources/female.obj && 10 && choice == 7
ressources/female.obj && 10 && choice == 7
ressources/female.obj && 10 && choice == 7
ressources/female.obj && 10 && choice == 7
ressources/female.obj && 10 && choice == 7
ressources/female.obj && 10 && choice == 7
ressources/female.obj && 10 && choice == 7
ressources/female.obj && 10 && choice == 7
ressources/female.obj && 10 && choice == 7
ressources/female.obj && 10 && choice == 7
ressources/female.obj && 10 && choice == 7
ressources/female.obj && 10 && choice == 7
ressources/female.obj && 10 && choice == 7
ressources/female.obj && 10 && choice == 7
ressources/female.obj && 10 && choice == 7
ressources/female.obj && 10 && choice == 7
ressources/female.obj && 10 && choice == 7
ressources/female.obj && 10 && choice == 7
ressources/female.obj && 10 && choice == 7
ressources/female.obj && 10 && choice == 7
ressources/female.obj && 10 && choice == 7
ressources/female.obj && 10 && choice == 7
ressources/female.obj && 10 && choice == 7
ressources/female.obj && 10 && choice == 7
ressources/female.obj && 10 && choice == 7
ressources/female.obj && 10 && choice == 7
ressources/female.obj && 10 && choice == 7
ressources/female.obj && 10 && choice == 7
ressources/female.obj && 10 && choice == 7
ressources/female.obj && 10 && choice == 7
ressources/female.obj && 10 && choice == 7
ressources/wolf.obj && 9 && choice == 6
ressources/wolf.obj && 9 && choice == 6
ressources/wolf.obj && 9 && choice == 6
ressources/wolf.obj && 9 && choice == 6
ressources/wolf.obj && 9 && choice == 6
ressources/wolf.obj && 9 && choice == 6
ressources/wolf.obj && 9 && choice == 6
ressources/wolf.obj && 9 && choice == 6
ressources/wolf.obj && 9 && choice == 6
ressources/wolf.obj && 9 && choice == 6
ressources/wolf.obj && 9 && choice == 6
ressources/wolf.obj && 9 && choice == 6
ressources/wolf.obj && 9 && choice == 6
ressources/wolf.obj && 9 && choice == 6
ressources/wolf.obj && 9 && choice == 6
ressources/wolf.obj && 9 && choice == 6
ressources/wolf.obj && 9 && choice == 6
ressources/wolf.obj && 9 && choice == 6
ressources/wolf.obj && 9 && choice == 6
ressources/wolf.obj && 9 && choice == 6
ressources/wolf.obj && 9 && choice == 6
ressources/wolf.obj && 9 && choice == 6
ressources/wolf.obj && 9 && choice == 6
ressources/wolf.obj && 9 && choice == 6
ressources/wolf.obj && 9 && choice == 6
ressources/wolf.obj && 9 && choice == 6
ressources/wolf.obj && 9 && choice == 6
ressources/wolf.obj && 9 && choice == 6
ressources/wolf.obj && 9 && choice == 6
ressources/wolf.obj && 9 && choice == 6
ressources/wolf.obj && 9 && choice == 6
ressources/wolf.obj && 9 && choice == 6
ressources/wolf.obj && 9 && choice == 6
ressources/wolf.obj && 9 && choice == 6
ressources/wolf.obj && 9 && choice == 6
ressources/cube.obj && 8 && choice == 5
ressources/cube.obj && 8 && choice == 5
ressources/cube.obj && 8 && choice == 5
ressources/cube.obj && 8 && choice == 5
ressources/cube.obj && 8 && choice == 5
ressources/cube.obj && 8 && choice == 5
ressources/cube.obj && 8 && choice == 5
ressources/cube.obj && 8 && choice == 5
ressources/tuple.obj && 7 && choice == 4
ressources/tuple.obj && 7 && choice == 4
ressources/tuple.obj && 7 && choice == 4
ressources/tuple.obj && 7 && choice == 4
ressources/tuple.obj && 7 && choice == 4
ressources/tuple.obj && 7 && choice == 4
ressources/tuple.obj && 7 && choice == 4
ressources/tuple.obj && 7 && choice == 4
ressources/tuple.obj && 7 && choice == 4
ressources/tuple.obj && 7 && choice == 4
ressources/torus.obj && 6 && choice == 3
ressources/torus.obj && 6 && choice == 3
ressources/torus.obj && 6 && choice == 3
ressources/torus.obj && 6 && choice == 3
ressources/torus.obj && 6 && choice == 3
ressources/torus.obj && 6 && choice == 3
ressources/torus.obj && 6 && choice == 3
ressources/torus.obj && 6 && choice == 3
ressources/torus.obj && 6 && choice == 3
ressources/tank.obj && 5 && choice == 2
ressources/tank.obj && 5 && choice == 2
ressources/tank.obj && 5 && choice == 2
ressources/tank.obj && 5 && choice == 2
ressources/tank.obj && 5 && choice == 2
ressources/tank.obj && 5 && choice == 2
ressources/tank.obj && 5 && choice == 2
ressources/tank.obj && 5 && choice == 2
ressources/tank.obj && 5 && choice == 2
ressources/three-big.obj && 4 && choice == 1
ressources/three-big.obj && 4 && choice == 1
ressources/three-big.obj && 4 && choice == 1
ressources/three-big.obj && 4 && choice == 1
ressources/three-big.obj && 4 && choice == 1
ressources/three-big.obj && 4 && choice == 1
ressources/three-big.obj && 4 && choice == 1
ressources/three-big.obj && 4 && choice == 1
ressources/three-big.obj && 4 && choice == 1
ressources/three-big.obj && 4 && choice == 1
ressources/three-big.obj && 4 && choice == 1
ressources/three-big.obj && 4 && choice == 1
ressources/three-big.obj && 4 && choice == 1
ressources/three-big.obj && 4 && choice == 1
ressources/three-big.obj && 4 && choice == 1
ressources/three-big.obj && 4 && choice == 1
ressources/three-big.obj && 4 && choice == 1
ressources/three-big.obj && 4 && choice == 1
ressources/three-big.obj && 4 && choice == 1
ressources/three-big.obj && 4 && choice == 1
ressources/three-big.obj && 4 && choice == 1
ressources/tank.obj && 5 && choice == 2
ressources/tank.obj && 5 && choice == 2
ressources/tank.obj && 5 && choice == 2
ressources/tank.obj && 5 && choice == 2
ressources/tank.obj && 5 && choice == 2
ressources/tank.obj && 5 && choice == 2
ressources/tank.obj && 5 && choice == 2
ressources/tank.obj && 5 && choice == 2
ressources/torus.obj && 6 && choice == 3
ressources/torus.obj && 6 && choice == 3
ressources/torus.obj && 6 && choice == 3
ressources/torus.obj && 6 && choice == 3
ressources/torus.obj && 6 && choice == 3
ressources/torus.obj && 6 && choice == 3
ressources/torus.obj && 6 && choice == 3
ressources/torus.obj && 6 && choice == 3
ressources/torus.obj && 6 && choice == 3
ressources/torus.obj && 6 && choice == 3
